c:\users\darkspider\source\repos\darkratcrypterui\darkratcrypterui\debug\virtualaes.obj
c:\users\darkspider\source\repos\darkratcrypterui\darkratcrypterui\debug\moc_darkratcrypterui.obj
c:\users\darkspider\source\repos\darkratcrypterui\darkratcrypterui\debug\qrc_darkratcrypterui.obj
c:\users\darkspider\source\repos\darkratcrypterui\darkratcrypterui\debug\darkratcrypterui.obj
c:\users\darkspider\source\repos\darkratcrypterui\darkratcrypterui\debug\main.obj
c:\users\darkspider\source\repos\darkratcrypterui\darkratcrypterui\debug\vc142.pdb
c:\users\darkspider\source\repos\darkratcrypterui\darkratcrypterui\generatedfiles\ui_darkratcrypterui.h
c:\users\darkspider\source\repos\darkratcrypterui\darkratcrypterui\generatedfiles\qrc_darkratcrypterui.cpp
c:\users\darkspider\source\repos\darkratcrypterui\darkratcrypterui\generatedfiles\debug\moc_darkratcrypterui.cpp
c:\users\darkspider\source\repos\darkratcrypterui\win32\debug\darkratcrypterui.ilk
c:\users\darkspider\source\repos\darkratcrypterui\win32\debug\darkratcrypterui.exe
c:\users\darkspider\source\repos\darkratcrypterui\win32\debug\darkratcrypterui.pdb
c:\users\darkspider\source\repos\darkratcrypterui\darkratcrypterui\.\generatedfiles\debug\moc_darkratcrypterui.cpp
c:\users\darkspider\source\repos\darkratcrypterui\darkratcrypterui\.\generatedfiles\qrc_darkratcrypterui.cpp
c:\users\darkspider\source\repos\darkratcrypterui\darkratcrypterui\.\generatedfiles\ui_darkratcrypterui.h
c:\users\darkspider\source\repos\darkratcrypterui\darkratcrypterui\debug\darkratcrypterui.tlog\cl.10724.write.1.tlog
c:\users\darkspider\source\repos\darkratcrypterui\darkratcrypterui\debug\darkratcrypterui.tlog\cl.command.1.tlog
c:\users\darkspider\source\repos\darkratcrypterui\darkratcrypterui\debug\darkratcrypterui.tlog\cl.read.1.tlog
c:\users\darkspider\source\repos\darkratcrypterui\darkratcrypterui\debug\darkratcrypterui.tlog\darkratcrypterui.write.1u.tlog
c:\users\darkspider\source\repos\darkratcrypterui\darkratcrypterui\debug\darkratcrypterui.tlog\link.command.1.tlog
c:\users\darkspider\source\repos\darkratcrypterui\darkratcrypterui\debug\darkratcrypterui.tlog\link.read.1.tlog
c:\users\darkspider\source\repos\darkratcrypterui\darkratcrypterui\debug\darkratcrypterui.tlog\link.write.1.tlog
c:\users\darkspider\source\repos\darkratcrypterui\darkratcrypterui\debug\darkratcrypterui.tlog\moc.read.1u.tlog
c:\users\darkspider\source\repos\darkratcrypterui\darkratcrypterui\debug\darkratcrypterui.tlog\moc.write.1u.tlog
c:\users\darkspider\source\repos\darkratcrypterui\darkratcrypterui\debug\darkratcrypterui.tlog\rcc.read.1u.tlog
c:\users\darkspider\source\repos\darkratcrypterui\darkratcrypterui\debug\darkratcrypterui.tlog\rcc.write.1u.tlog
c:\users\darkspider\source\repos\darkratcrypterui\darkratcrypterui\debug\darkratcrypterui.tlog\uic.read.1u.tlog
c:\users\darkspider\source\repos\darkratcrypterui\darkratcrypterui\debug\darkratcrypterui.tlog\uic.write.1u.tlog
