c:\users\darkspider\desktop\darkrat coding\darkrat\darkrat-master\darkratuibuildernative\darkratcrypterui\debug\virtualaes.obj
c:\users\darkspider\desktop\darkrat coding\darkrat\darkrat-master\darkratuibuildernative\darkratcrypterui\debug\qrc_darkratcrypterui.obj
c:\users\darkspider\desktop\darkrat coding\darkrat\darkrat-master\darkratuibuildernative\darkratcrypterui\debug\moc_darkratcrypterui.obj
c:\users\darkspider\desktop\darkrat coding\darkrat\darkrat-master\darkratuibuildernative\darkratcrypterui\debug\main.obj
c:\users\darkspider\desktop\darkrat coding\darkrat\darkrat-master\darkratuibuildernative\darkratcrypterui\debug\moc_loginui.obj
c:\users\darkspider\desktop\darkrat coding\darkrat\darkrat-master\darkratuibuildernative\darkratcrypterui\debug\login.obj
c:\users\darkspider\desktop\darkrat coding\darkrat\darkrat-master\darkratuibuildernative\darkratcrypterui\debug\darkratbuilder.obj
c:\users\darkspider\desktop\darkrat coding\darkrat\darkrat-master\darkratuibuildernative\darkratcrypterui\debug\vc142.pdb
c:\users\darkspider\desktop\darkrat coding\darkrat\darkrat-master\darkratuibuildernative\darkratcrypterui\generatedfiles\ui_darkratcrypterui.h
c:\users\darkspider\desktop\darkrat coding\darkrat\darkrat-master\darkratuibuildernative\darkratcrypterui\generatedfiles\ui_login.h
c:\users\darkspider\desktop\darkrat coding\darkrat\darkrat-master\darkratuibuildernative\darkratcrypterui\generatedfiles\qrc_darkratcrypterui.cpp
c:\users\darkspider\desktop\darkrat coding\darkrat\darkrat-master\darkratuibuildernative\darkratcrypterui\generatedfiles\debug\moc_darkratcrypterui.cpp
c:\users\darkspider\desktop\darkrat coding\darkrat\darkrat-master\darkratuibuildernative\darkratcrypterui\generatedfiles\debug\moc_loginui.cpp
c:\users\darkspider\desktop\darkrat coding\darkrat\darkrat-master\darkratuibuildernative\win32\debug\darkratbuilder.ilk
c:\users\darkspider\desktop\darkrat coding\darkrat\darkrat-master\darkratuibuildernative\win32\debug\darkratbuilder.exe
c:\users\darkspider\desktop\darkrat coding\darkrat\darkrat-master\darkratuibuildernative\win32\debug\darkratbuilder.pdb
c:\users\darkspider\desktop\darkrat coding\darkrat\darkrat-master\darkratuibuildernative\darkratcrypterui\.\generatedfiles\debug\moc_darkratcrypterui.cpp
c:\users\darkspider\desktop\darkrat coding\darkrat\darkrat-master\darkratuibuildernative\darkratcrypterui\.\generatedfiles\debug\moc_loginui.cpp
c:\users\darkspider\desktop\darkrat coding\darkrat\darkrat-master\darkratuibuildernative\darkratcrypterui\.\generatedfiles\qrc_darkratcrypterui.cpp
c:\users\darkspider\desktop\darkrat coding\darkrat\darkrat-master\darkratuibuildernative\darkratcrypterui\.\generatedfiles\ui_darkratcrypterui.h
c:\users\darkspider\desktop\darkrat coding\darkrat\darkrat-master\darkratuibuildernative\darkratcrypterui\.\generatedfiles\ui_login.h
c:\users\darkspider\desktop\darkrat coding\darkrat\darkrat-master\darkratuibuildernative\darkratcrypterui\debug\darkratbuilder.tlog\cl.10632.write.1.tlog
c:\users\darkspider\desktop\darkrat coding\darkrat\darkrat-master\darkratuibuildernative\darkratcrypterui\debug\darkratbuilder.tlog\cl.command.1.tlog
c:\users\darkspider\desktop\darkrat coding\darkrat\darkrat-master\darkratuibuildernative\darkratcrypterui\debug\darkratbuilder.tlog\cl.read.1.tlog
c:\users\darkspider\desktop\darkrat coding\darkrat\darkrat-master\darkratuibuildernative\darkratcrypterui\debug\darkratbuilder.tlog\darkratbuilder.write.1u.tlog
c:\users\darkspider\desktop\darkrat coding\darkrat\darkrat-master\darkratuibuildernative\darkratcrypterui\debug\darkratbuilder.tlog\link.command.1.tlog
c:\users\darkspider\desktop\darkrat coding\darkrat\darkrat-master\darkratuibuildernative\darkratcrypterui\debug\darkratbuilder.tlog\link.read.1.tlog
c:\users\darkspider\desktop\darkrat coding\darkrat\darkrat-master\darkratuibuildernative\darkratcrypterui\debug\darkratbuilder.tlog\link.write.1.tlog
c:\users\darkspider\desktop\darkrat coding\darkrat\darkrat-master\darkratuibuildernative\darkratcrypterui\debug\darkratbuilder.tlog\moc.read.1u.tlog
c:\users\darkspider\desktop\darkrat coding\darkrat\darkrat-master\darkratuibuildernative\darkratcrypterui\debug\darkratbuilder.tlog\moc.write.1u.tlog
c:\users\darkspider\desktop\darkrat coding\darkrat\darkrat-master\darkratuibuildernative\darkratcrypterui\debug\darkratbuilder.tlog\rcc.read.1u.tlog
c:\users\darkspider\desktop\darkrat coding\darkrat\darkrat-master\darkratuibuildernative\darkratcrypterui\debug\darkratbuilder.tlog\rcc.write.1u.tlog
c:\users\darkspider\desktop\darkrat coding\darkrat\darkrat-master\darkratuibuildernative\darkratcrypterui\debug\darkratbuilder.tlog\uic.read.1u.tlog
c:\users\darkspider\desktop\darkrat coding\darkrat\darkrat-master\darkratuibuildernative\darkratcrypterui\debug\darkratbuilder.tlog\uic.write.1u.tlog
