c:\users\darkspider\source\repos\darkratuibuildernative\darkratcrypterui\release\virtualaes.obj
c:\users\darkspider\source\repos\darkratuibuildernative\darkratcrypterui\release\main.obj
c:\users\darkspider\source\repos\darkratuibuildernative\darkratcrypterui\release\qrc_darkratcrypterui.obj
c:\users\darkspider\source\repos\darkratuibuildernative\darkratcrypterui\release\moc_darkratcrypterui.obj
c:\users\darkspider\source\repos\darkratuibuildernative\darkratcrypterui\release\darkratcrypterui.obj
c:\users\darkspider\source\repos\darkratuibuildernative\darkratcrypterui\generatedfiles\ui_darkratcrypterui.h
c:\users\darkspider\source\repos\darkratuibuildernative\darkratcrypterui\generatedfiles\qrc_darkratcrypterui.cpp
c:\users\darkspider\source\repos\darkratuibuildernative\darkratcrypterui\generatedfiles\release\moc_darkratcrypterui.cpp
c:\users\darkspider\source\repos\darkratuibuildernative\darkratcrypterui\.\generatedfiles\release\moc_darkratcrypterui.cpp
c:\users\darkspider\source\repos\darkratuibuildernative\darkratcrypterui\.\generatedfiles\qrc_darkratcrypterui.cpp
c:\users\darkspider\source\repos\darkratuibuildernative\darkratcrypterui\.\generatedfiles\ui_darkratcrypterui.h
c:\users\darkspider\source\repos\darkratuibuildernative\darkratcrypterui\release\darkratcrypterui.tlog\cl.10316.write.1.tlog
c:\users\darkspider\source\repos\darkratuibuildernative\darkratcrypterui\release\darkratcrypterui.tlog\cl.command.1.tlog
c:\users\darkspider\source\repos\darkratuibuildernative\darkratcrypterui\release\darkratcrypterui.tlog\cl.read.1.tlog
c:\users\darkspider\source\repos\darkratuibuildernative\darkratcrypterui\release\darkratcrypterui.tlog\darkratcrypterui.write.1u.tlog
c:\users\darkspider\source\repos\darkratuibuildernative\darkratcrypterui\release\darkratcrypterui.tlog\link-cvtres.read.1.tlog
c:\users\darkspider\source\repos\darkratuibuildernative\darkratcrypterui\release\darkratcrypterui.tlog\link-cvtres.write.1.tlog
c:\users\darkspider\source\repos\darkratuibuildernative\darkratcrypterui\release\darkratcrypterui.tlog\link-rc.read.1.tlog
c:\users\darkspider\source\repos\darkratuibuildernative\darkratcrypterui\release\darkratcrypterui.tlog\link-rc.write.1.tlog
c:\users\darkspider\source\repos\darkratuibuildernative\darkratcrypterui\release\darkratcrypterui.tlog\link.command.1.tlog
c:\users\darkspider\source\repos\darkratuibuildernative\darkratcrypterui\release\darkratcrypterui.tlog\link.read.1.tlog
c:\users\darkspider\source\repos\darkratuibuildernative\darkratcrypterui\release\darkratcrypterui.tlog\link.write.1.tlog
c:\users\darkspider\source\repos\darkratuibuildernative\darkratcrypterui\release\darkratcrypterui.tlog\moc.read.1u.tlog
c:\users\darkspider\source\repos\darkratuibuildernative\darkratcrypterui\release\darkratcrypterui.tlog\moc.write.1u.tlog
c:\users\darkspider\source\repos\darkratuibuildernative\darkratcrypterui\release\darkratcrypterui.tlog\rcc.read.1u.tlog
c:\users\darkspider\source\repos\darkratuibuildernative\darkratcrypterui\release\darkratcrypterui.tlog\rcc.write.1u.tlog
c:\users\darkspider\source\repos\darkratuibuildernative\darkratcrypterui\release\darkratcrypterui.tlog\uic.read.1u.tlog
c:\users\darkspider\source\repos\darkratuibuildernative\darkratcrypterui\release\darkratcrypterui.tlog\uic.write.1u.tlog
