c:\users\darkspider\source\repos\darkratuibuildernative\darkratcrypterui\release\virtualaes.obj
c:\users\darkspider\source\repos\darkratuibuildernative\darkratcrypterui\release\qrc_darkratcrypterui.obj
c:\users\darkspider\source\repos\darkratuibuildernative\darkratcrypterui\release\moc_darkratcrypterui.obj
c:\users\darkspider\source\repos\darkratuibuildernative\darkratcrypterui\release\main.obj
c:\users\darkspider\source\repos\darkratuibuildernative\darkratcrypterui\release\darkratbuilder.obj
c:\users\darkspider\source\repos\darkratuibuildernative\darkratcrypterui\generatedfiles\ui_darkratcrypterui.h
c:\users\darkspider\source\repos\darkratuibuildernative\darkratcrypterui\generatedfiles\qrc_darkratcrypterui.cpp
c:\users\darkspider\source\repos\darkratuibuildernative\darkratcrypterui\generatedfiles\release\moc_darkratcrypterui.cpp
c:\users\darkspider\source\repos\darkratuibuildernative\win32\release\darkratbuilder.exe
c:\users\darkspider\source\repos\darkratuibuildernative\darkratcrypterui\.\generatedfiles\release\moc_darkratcrypterui.cpp
c:\users\darkspider\source\repos\darkratuibuildernative\darkratcrypterui\.\generatedfiles\qrc_darkratcrypterui.cpp
c:\users\darkspider\source\repos\darkratuibuildernative\darkratcrypterui\.\generatedfiles\ui_darkratcrypterui.h
c:\users\darkspider\source\repos\darkratuibuildernative\darkratcrypterui\release\darkratbuilder.tlog\cl.command.1.tlog
c:\users\darkspider\source\repos\darkratuibuildernative\darkratcrypterui\release\darkratbuilder.tlog\cl.read.1.tlog
c:\users\darkspider\source\repos\darkratuibuildernative\darkratcrypterui\release\darkratbuilder.tlog\cl.write.1.tlog
c:\users\darkspider\source\repos\darkratuibuildernative\darkratcrypterui\release\darkratbuilder.tlog\darkratbuilder.write.1u.tlog
c:\users\darkspider\source\repos\darkratuibuildernative\darkratcrypterui\release\darkratbuilder.tlog\link.command.1.tlog
c:\users\darkspider\source\repos\darkratuibuildernative\darkratcrypterui\release\darkratbuilder.tlog\link.read.1.tlog
c:\users\darkspider\source\repos\darkratuibuildernative\darkratcrypterui\release\darkratbuilder.tlog\link.write.1.tlog
c:\users\darkspider\source\repos\darkratuibuildernative\darkratcrypterui\release\darkratbuilder.tlog\moc.read.1u.tlog
c:\users\darkspider\source\repos\darkratuibuildernative\darkratcrypterui\release\darkratbuilder.tlog\moc.write.1u.tlog
c:\users\darkspider\source\repos\darkratuibuildernative\darkratcrypterui\release\darkratbuilder.tlog\rcc.read.1u.tlog
c:\users\darkspider\source\repos\darkratuibuildernative\darkratcrypterui\release\darkratbuilder.tlog\rcc.write.1u.tlog
c:\users\darkspider\source\repos\darkratuibuildernative\darkratcrypterui\release\darkratbuilder.tlog\uic.read.1u.tlog
c:\users\darkspider\source\repos\darkratuibuildernative\darkratcrypterui\release\darkratbuilder.tlog\uic.write.1u.tlog
